Update 26/01/2016 - O jogador LMestre iniciou um jogo do tipo Normal na versão Base
Update 26/01/2016 - O jogador LMestre jogou para a linha 1
Update 26/01/2016 - O jogador LMestre jogou para a linha 1
Update 26/01/2016 - O jogador LMestre jogou para a linha 1
Update 26/01/2016 - O jogador LMestre jogou para a linha 2
Update 26/01/2016 - O jogador LMestre jogou para a linha 2
Update 26/01/2016 - O jogador LMestre jogou para a linha 2
Update 26/01/2016 - O jogador LMestre jogou para a linha 2
Update 26/01/2016 - O jogador LMestre acabou o jogo com 160 e demorou 00:10
Update 26/01/2016 - O jogador LMestre ficou na posição 1 com 160
Update 26/01/2016 - O jogador LMestre iniciou um jogo do tipo Normal na versão Base
Update 26/01/2016 - O jogador LMestre jogou para a linha 1
Update 26/01/2016 - O jogador LMestre jogou para a linha 4
Update 26/01/2016 - O jogador LMestre jogou para a linha 4
Update 26/01/2016 - O jogador LMestre jogou para a linha 1
Update 26/01/2016 - O jogador LMestre jogou para a linha 1
Update 26/01/2016 - O jogador LMestre jogou para a linha 2
Update 26/01/2016 - O jogador LMestre jogou para a linha 2
Update 26/01/2016 - O jogador LMestre jogou para a linha 1
Update 26/01/2016 - O jogador LMestre jogou para a linha 1
Update 26/01/2016 - O jogador LMestre jogou para a linha 2
Update 26/01/2016 - O jogador LMestre jogou para a linha 3
Update 26/01/2016 - O jogador LMestre jogou para a linha 2
Update 26/01/2016 - O jogador LMestre jogou para a linha 3
Update 26/01/2016 - O jogador LMestre jogou para a linha 4
Update 26/01/2016 - O jogador LMestre jogou para a linha 1
Update 26/01/2016 - O jogador LMestre jogou para a linha 1
Update 26/01/2016 - O jogador LMestre jogou para a linha 1
Update 26/01/2016 - O jogador LMestre jogou para a linha 1
Update 26/01/2016 - O jogador LMestre jogou para a linha 2
Update 26/01/2016 - O jogador LMestre jogou para a linha 1
Update 26/01/2016 - O jogador LMestre jogou para a linha 1
Update 26/01/2016 - O jogador LMestre jogou para a linha 1
Update 26/01/2016 - O jogador LMestre jogou para a linha 2
Update 26/01/2016 - O jogador LMestre jogou para a linha 2
Update 26/01/2016 - O jogador LMestre jogou para a linha 2
Update 26/01/2016 - O jogador LMestre jogou para a linha 2
Update 26/01/2016 - O jogador LMestre jogou para a linha 1
Update 26/01/2016 - O jogador LMestre jogou para a linha 1
Update 26/01/2016 - O jogador LMestre jogou para a linha 1
Update 26/01/2016 - O jogador LMestre jogou para a linha 1
Update 26/01/2016 - O jogador LMestre jogou para a linha 4
Update 26/01/2016 - O jogador LMestre jogou para a linha 4
Update 26/01/2016 - O jogador LMestre jogou para a linha 4
Update 26/01/2016 - O jogador LMestre jogou para a linha 3
Update 26/01/2016 - O jogador LMestre jogou para a linha 2
Update 26/01/2016 - O jogador LMestre jogou para a linha 2
Update 26/01/2016 - O jogador LMestre jogou para a linha 2
Update 26/01/2016 - O jogador LMestre acabou o jogo com 1060 e demorou 01:20
Update 26/01/2016 - O jogador LMestre ficou na posição 1 com 1060
Update 27/01/2016 - O jogador Pedro iniciou um jogo do tipo Normal na versão Base
Update 27/01/2016 - O jogador Pedro jogou para a linha 1
Update 27/01/2016 - O jogador Pedro jogou para a linha 1
Update 27/01/2016 - O jogador Pedro jogou para a linha 1
Update 27/01/2016 - O jogador Pedro acabou o jogo com 0 e demorou 00:07
Update 27/01/2016 - O jogador Pedro ficou na posição 2 com 0
Update 27/01/2016 - O jogador Pedro iniciou um jogo do tipo Normal na versão Base
Update 27/01/2016 - O jogador Pedro jogou para a linha 1
Update 27/01/2016 - O jogador Pedro jogou para a linha 1
Update 27/01/2016 - O jogador Pedro jogou para a linha 1
Update 27/01/2016 - O jogador Pedro jogou para a linha 2
Update 27/01/2016 - O jogador Pedro jogou para a linha 2
Update 27/01/2016 - O jogador Pedro jogou para a linha 2
Update 27/01/2016 - O jogador Pedro acabou o jogo com 120 e demorou 00:08
Update 27/01/2016 - O jogador Pedro ficou na posição 2 com 120
Update 27/01/2016 - O jogador Pedro iniciou um jogo do tipo Normal na versão Base
Update 27/01/2016 - O jogador Pedro jogou para a linha 2
Update 27/01/2016 - O jogador Pedro jogou para a linha 3
Update 27/01/2016 - O jogador Pedro jogou para a linha 4
Update 27/01/2016 - O jogador Pedro jogou para a linha 3
Update 27/01/2016 - O jogador Pedro jogou para a linha 2
Update 27/01/2016 - O jogador Pedro jogou para a linha 4
Update 27/01/2016 - O jogador Pedro jogou para a linha 5
Update 27/01/2016 - O jogador Pedro jogou para a linha 1
Update 27/01/2016 - O jogador Pedro jogou para a linha 1
Update 27/01/2016 - O jogador Pedro jogou para a linha 1
Update 27/01/2016 - O jogador Pedro jogou para a linha 6
Update 27/01/2016 - O jogador Pedro jogou para a linha 5
Update 27/01/2016 - O jogador Pedro jogou para a linha 6
Update 27/01/2016 - O jogador Pedro jogou para a linha 6
Update 27/01/2016 - O jogador Pedro acabou o jogo com 500 e demorou 00:23
Update 27/01/2016 - O jogador Pedro ficou na posição 2 com 500
Update 27/01/2016 - O jogador Pedro iniciou um jogo do tipo Normal na versão Base
Update 27/01/2016 - O jogador Pedro jogou para a linha 1
Update 27/01/2016 - O jogador Pedro jogou para a linha 2
Update 27/01/2016 - O jogador Pedro jogou para a linha 3
Update 27/01/2016 - O jogador Pedro jogou para a linha 3
Update 27/01/2016 - O jogador Pedro jogou para a linha 3
Update 27/01/2016 - O jogador Pedro acabou o jogo com 0 e demorou 00:10
Update 27/01/2016 - O jogador Pedro ficou na posição 2 com 0
Update 27/01/2016 - O jogador Beja iniciou um jogo do tipo Normal na versão Base
Update 27/01/2016 - O jogador Beja iniciou um jogo do tipo Normal na versão Base
Update 27/01/2016 - O jogador Beja jogou para a linha 3
Update 27/01/2016 - O jogador Beja jogou para a linha 3
Update 27/01/2016 - O jogador Beja jogou para a linha 2
Update 27/01/2016 - O jogador Beja jogou para a linha 2
Update 27/01/2016 - O jogador Beja jogou para a linha 2
Update 27/01/2016 - O jogador Beja jogou para a linha 4
Update 27/01/2016 - O jogador Beja jogou para a linha 2
Update 27/01/2016 - O jogador Beja jogou para a linha 2
Update 27/01/2016 - O jogador Beja jogou para a linha 3
Update 27/01/2016 - O jogador Beja jogou para a linha 4
Update 27/01/2016 - O jogador marateco iniciou um jogo do tipo Normal na versão Base
Update 27/01/2016 - O jogador marateco jogou para a linha 5
Update 27/01/2016 - O jogador marateco jogou para a linha 4
Update 27/01/2016 - O jogador marateco jogou para a linha 3
Update 27/01/2016 - O jogador marateco jogou para a linha 4
Update 27/01/2016 - O jogador marateco jogou para a linha 2
Update 27/01/2016 - O jogador marateco jogou para a linha 2
Update 27/01/2016 - O jogador marateco jogou para a linha 4
Update 27/01/2016 - O jogador marateco jogou para a linha 1
Update 27/01/2016 - O jogador marateco jogou para a linha 2
Update 27/01/2016 - O jogador marateco jogou para a linha 1
Update 27/01/2016 - O jogador marateco jogou para a linha 2
Update 27/01/2016 - O jogador marateco jogou para a linha 3
Update 27/01/2016 - O jogador marateco jogou para a linha 4
Update 27/01/2016 - O jogador marateco jogou para a linha 2
Update 27/01/2016 - O jogador marateco jogou para a linha 2
Update 27/01/2016 - O jogador marateco jogou para a linha 2
Update 27/01/2016 - O jogador marateco jogou para a linha 3
Update 27/01/2016 - O jogador marateco jogou para a linha 3
Update 27/01/2016 - O jogador marateco jogou para a linha 4
Update 27/01/2016 - O jogador marateco jogou para a linha 3
Update 27/01/2016 - O jogador marateco acabou o jogo com 540 e demorou 01:15
Update 27/01/2016 - O jogador marateco ficou na posição 2 com 540
Update 27/01/2016 - O jogador Beja iniciou um jogo do tipo Normal na versão Corrida
Update 27/01/2016 - O jogador Beja jogou para a linha 3
Update 27/01/2016 - O jogador Beja jogou para a linha 4
Update 27/01/2016 - O jogador Beja jogou para a linha 2
Update 27/01/2016 - O jogador Beja jogou para a linha 3
Update 27/01/2016 - O jogador Beja jogou para a linha 1
Update 27/01/2016 - O jogador Beja jogou para a linha 1
Update 27/01/2016 - O jogador Beja jogou para a linha 1
Update 27/01/2016 - O jogador Beja jogou para a linha 2
Update 27/01/2016 - O jogador Beja jogou para a linha 1
Update 27/01/2016 - O jogador Beja jogou para a linha 2
Update 27/01/2016 - O jogador Beja jogou para a linha 2
Update 27/01/2016 - O jogador Beja jogou para a linha 4
Update 27/01/2016 - O jogador Beja jogou para a linha 5
Update 27/01/2016 - O jogador Beja jogou para a linha 6
Update 27/01/2016 - O jogador Beja jogou para a linha 6
Update 27/01/2016 - O jogador Beja jogou para a linha 6
Update 27/01/2016 - O jogador Beja jogou para a linha 2
Update 27/01/2016 - O jogador Beja acabou o jogo com 1238 e demorou 00:28
Update 27/01/2016 - O jogador Beja ficou na posição 1 com 1238
Update 27/01/2016 - O jogador ahlid iniciou um jogo do tipo Normal na versão Corrida
Update 27/01/2016 - O jogador ahlid jogou para a linha 4
Update 27/01/2016 - O jogador ahlid jogou para a linha 5
Update 27/01/2016 - O jogador ahlid jogou para a linha 4
Update 27/01/2016 - O jogador ahlid jogou para a linha 2
Update 27/01/2016 - O jogador ahlid jogou para a linha 2
Update 27/01/2016 - O jogador ahlid jogou para a linha 1
Update 27/01/2016 - O jogador ahlid jogou para a linha 5
Update 27/01/2016 - O jogador ahlid jogou para a linha 3
Update 27/01/2016 - O jogador ahlid jogou para a linha 6
Update 27/01/2016 - O jogador ahlid jogou para a linha 3
Update 27/01/2016 - O jogador ahlid jogou para a linha 4
Update 27/01/2016 - O jogador ahlid jogou para a linha 5
Update 27/01/2016 - O jogador ahlid jogou para a linha 2
Update 27/01/2016 - O jogador ahlid jogou para a linha 2
Update 27/01/2016 - O jogador ahlid jogou para a linha 5
Update 27/01/2016 - O jogador ahlid jogou para a linha 4
Update 27/01/2016 - O jogador ahlid jogou para a linha 1
Update 27/01/2016 - O jogador ahlid jogou para a linha 1
Update 27/01/2016 - O jogador ahlid jogou para a linha 3
Update 27/01/2016 - O jogador ahlid jogou para a linha 4
Update 27/01/2016 - O jogador ahlid jogou para a linha 2
Update 27/01/2016 - O jogador ahlid jogou para a linha 1
Update 27/01/2016 - O jogador ahlid jogou para a linha 1
Update 27/01/2016 - O jogador ahlid jogou para a linha 2
Update 27/01/2016 - O jogador ahlid jogou para a linha 3
Update 27/01/2016 - O jogador ahlid jogou para a linha 4
Update 27/01/2016 - O jogador ahlid jogou para a linha 3
Update 27/01/2016 - O jogador ahlid jogou para a linha 5
Update 27/01/2016 - O jogador ahlid jogou para a linha 5
Update 27/01/2016 - O jogador ahlid jogou para a linha 5
Update 27/01/2016 - O jogador ahlid jogou para a linha 5
Update 27/01/2016 - O jogador ahlid jogou para a linha 6
Update 27/01/2016 - O jogador ahlid jogou para a linha 6
Update 27/01/2016 - O jogador ahlid jogou para a linha 6
Update 27/01/2016 - O jogador ahlid jogou para a linha 5
Update 27/01/2016 - O jogador ahlid jogou para a linha 4
Update 27/01/2016 - O jogador ahlid jogou para a linha 3
Update 27/01/2016 - O jogador ahlid jogou para a linha 2
Update 27/01/2016 - O jogador ahlid jogou para a linha 3
Update 27/01/2016 - O jogador ahlid jogou para a linha 2
Update 27/01/2016 - O jogador ahlid jogou para a linha 3
Update 27/01/2016 - O jogador ahlid jogou para a linha 1
Update 27/01/2016 - O jogador ahlid jogou para a linha 1
Update 27/01/2016 - O jogador ahlid jogou para a linha 2
Update 27/01/2016 - O jogador ahlid jogou para a linha 3
Update 27/01/2016 - O jogador ahlid jogou para a linha 4
Update 27/01/2016 - O jogador ahlid jogou para a linha 5
Update 27/01/2016 - O jogador ahlid jogou para a linha 5
Update 27/01/2016 - O jogador ahlid jogou para a linha 4
Update 27/01/2016 - O jogador ahlid jogou para a linha 3
Update 27/01/2016 - O jogador ahlid jogou para a linha 3
Update 27/01/2016 - O jogador ahlid jogou para a linha 4
Update 27/01/2016 - O jogador ahlid jogou para a linha 5
Update 27/01/2016 - O jogador ahlid jogou para a linha 6
Update 27/01/2016 - O jogador ahlid jogou para a linha 1
Update 27/01/2016 - O jogador ahlid jogou para a linha 4
Update 27/01/2016 - O jogador ahlid jogou para a linha 6
Update 27/01/2016 - O jogador ahlid jogou para a linha 5
Update 27/01/2016 - O jogador ahlid jogou para a linha 5
Update 27/01/2016 - O jogador ahlid jogou para a linha 5
Update 27/01/2016 - O jogador ahlid acabou o jogo com 1721 e demorou 01:34
Update 27/01/2016 - O jogador ahlid ficou na posição 1 com 1721
Update 27/01/2016 - O jogador sara iniciou um jogo do tipo Rapido na versão Base
Update 27/01/2016 - O jogador sara jogou para a linha 2
Update 27/01/2016 - O jogador sara jogou para a linha 2
Update 27/01/2016 - O jogador sara jogou para a linha 1
Update 27/01/2016 - O jogador sara jogou para a linha 1
Update 27/01/2016 - O jogador sara jogou para a linha 1
Update 27/01/2016 - O jogador sara jogou para a linha 2
Update 27/01/2016 - O jogador sara jogou para a linha 3
Update 27/01/2016 - O jogador sara jogou para a linha 3
Update 27/01/2016 - O jogador sara jogou para a linha 6
Update 27/01/2016 - O jogador sara jogou para a linha 2
Update 27/01/2016 - O jogador sara jogou para a linha 2
Update 27/01/2016 - O jogador sara jogou para a linha 2
Update 27/01/2016 - O jogador sara jogou para a linha 3
Update 27/01/2016 - O jogador sara jogou para a linha 3
Update 27/01/2016 - O jogador sara jogou para a linha 5
Update 27/01/2016 - O jogador sara jogou para a linha 5
Update 27/01/2016 - O jogador sara jogou para a linha 3
Update 27/01/2016 - O jogador sara jogou para a linha 5
Update 27/01/2016 - O jogador sara jogou para a linha 1
Update 27/01/2016 - O jogador sara jogou para a linha 3
Update 27/01/2016 - O jogador sara acabou o jogo com 640 e demorou 00:50
Update 27/01/2016 - O jogador sara ficou na posição 1 com 640
Update 27/01/2016 - O jogador sara iniciou um jogo do tipo Rapido na versão Corrida
Update 27/01/2016 - O jogador sara jogou para a linha 5
Update 27/01/2016 - O jogador sara jogou para a linha 1
Update 27/01/2016 - O jogador sara jogou para a linha 5
Update 27/01/2016 - O jogador sara jogou para a linha 5
Update 27/01/2016 - O jogador sara jogou para a linha 1
Update 27/01/2016 - O jogador sara jogou para a linha 2
Update 27/01/2016 - O jogador sara jogou para a linha 1
Update 27/01/2016 - O jogador sara jogou para a linha 2
Update 27/01/2016 - O jogador sara jogou para a linha 1
Update 27/01/2016 - O jogador sara jogou para a linha 1
Update 27/01/2016 - O jogador sara jogou para a linha 3
Update 27/01/2016 - O jogador sara jogou para a linha 4
Update 27/01/2016 - O jogador sara jogou para a linha 4
Update 27/01/2016 - O jogador sara jogou para a linha 3
Update 27/01/2016 - O jogador sara jogou para a linha 6
Update 27/01/2016 - O jogador sara jogou para a linha 2
Update 27/01/2016 - O jogador sara jogou para a linha 2
Update 27/01/2016 - O jogador sara jogou para a linha 2
Update 27/01/2016 - O jogador sara jogou para a linha 2
Update 27/01/2016 - O jogador sara jogou para a linha 5
Update 27/01/2016 - O jogador sara acabou o jogo com 1266 e demorou 00:40
Update 27/01/2016 - O jogador sara ficou na posição 1 com 1266
Update 27/01/2016 - O jogador ahlid iniciou um jogo do tipo Normal na versão Base
Update 27/01/2016 - O jogador ahlid jogou para a linha 1
Update 27/01/2016 - O jogador ahlid jogou para a linha 1
Update 27/01/2016 - O jogador ahlid jogou para a linha 3
Update 27/01/2016 - O jogador ahlid jogou para a linha 4
Update 27/01/2016 - O jogador ahlid jogou para a linha 5
Update 27/01/2016 - O jogador ahlid jogou para a linha 5
Update 27/01/2016 - O jogador ahlid jogou para a linha 5
Update 27/01/2016 - O jogador ahlid jogou para a linha 4
Update 27/01/2016 - O jogador ahlid jogou para a linha 4
Update 27/01/2016 - O jogador ahlid acabou o jogo com 220 e demorou 00:22
Update 27/01/2016 - O jogador ahlid ficou na posição 4 com 220
